<?xml version="1.0" encoding="UTF-8"?>
<!-- Generated by org.testng.reporters.JUnitXMLReporter -->
<testsuite hostname="DESKTOP-PVGUP15" name="amazon_reg_firebox" tests="1" failures="1" timestamp="16 Feb 2017 18:19:59 GMT" time="0.056" errors="0">
  <testcase name="browser" time="0.018" classname="amazon.RegressionTesting">
    <failure type="org.testng.TestNGException" message="
Can&amp;apos;t invoke public void amazon.RegressionTesting.browser(java.lang.String) throws java.lang.Exception: either make it static or add a no-args constructor to your class">
      <![CDATA[org.testng.TestNGException: 
Can't invoke public void amazon.RegressionTesting.browser(java.lang.String) throws java.lang.Exception: either make it static or add a no-args constructor to your class
... Removed 21 stack frames]]>
    </failure>
  </testcase> <!-- browser -->
</testsuite> <!-- amazon_reg_firebox -->
