<?xml version="1.0" encoding="UTF-8"?>
<testng-results skipped="0" failed="0" total="1" passed="1">
  <reporter-output>
  </reporter-output>
  <suite name="Amazon_nav" duration-ms="47399" started-at="2017-02-16T18:38:35Z" finished-at="2017-02-16T18:39:22Z">
    <groups>
    </groups>
    <test name="amazon_reg_firebox" duration-ms="47399" started-at="2017-02-16T18:38:35Z" finished-at="2017-02-16T18:39:22Z">
      <class name="amazon.RegressionTesting">
        <test-method status="PASS" signature="browser(java.lang.String)[pri:0, instance:amazon.RegressionTesting@20e2cbe0]" name="browser" duration-ms="47370" started-at="2017-02-17T00:08:35Z" finished-at="2017-02-17T00:09:22Z">
          <params>
            <param index="0">
              <value>
                <![CDATA[firefox]]>
              </value>
            </param>
          </params>
          <reporter-output>
          </reporter-output>
        </test-method> <!-- browser -->
      </class> <!-- amazon.RegressionTesting -->
    </test> <!-- amazon_reg_firebox -->
  </suite> <!-- Amazon_nav -->
</testng-results>
